Arguments: 
  /home/clifford/.nvm/versions/node/v16.13.1/bin/node /home/clifford/.nvm/versions/node/v16.13.1/bin/yarn global bin

PATH: 
  /home/clifford/.yarn/bin:/home/clifford/.nvm/versions/node/v16.13.1/bin:/opt/anaconda3/bin:/opt/anaconda3/condabin:/home/clifford/.local/bin:/usr/local/sbin:/usr/local/bin:/usr/sbin:/usr/bin:/sbin:/bin:/usr/games:/usr/local/games:/snap/bin:/home/clifford/.local/bin:/home/clifford/.local/bin:/usr/local/cuda/bin:/home/clifford/.local/bin

Yarn version: 
  1.22.17

Node version: 
  16.13.1

Platform: 
  linux x64

Trace: 
  SyntaxError: /home/clifford/clifflearns/webdev/adopt-me/package.json: Unexpected string in JSON at position 155
      at JSON.parse (<anonymous>)
      at /home/clifford/.nvm/versions/node/v16.13.1/lib/node_modules/yarn/lib/cli.js:1625:59
      at Generator.next (<anonymous>)
      at step (/home/clifford/.nvm/versions/node/v16.13.1/lib/node_modules/yarn/lib/cli.js:310:30)
      at /home/clifford/.nvm/versions/node/v16.13.1/lib/node_modules/yarn/lib/cli.js:321:13

npm manifest: 
  {
    "name": "adopt-me",
    "version": "1.0.0",
    "description": "",
    "main": "index.js",
    "scripts": {
      "format":"prettier --write \"src/**/*.{js,jsx}""
    },  
    "keywords": [],
    "author": "",
    "license": "ISC"
  }

yarn manifest: 
  No manifest

Lockfile: 
  No lockfile
